<?xml version="1.0" encoding="UTF-8"?>
<testng-results skipped="0" failed="0" ignored="0" total="2" passed="2">
  <reporter-output>
    <line>
      <![CDATA[Loaded the Properties files]]>
    </line>
    <line>
      <![CDATA[Browser is closed Successfully]]>
    </line>
    <line>
      <![CDATA[Loaded the Properties files]]>
    </line>
    <line>
      <![CDATA[Entered Username]]>
    </line>
    <line>
      <![CDATA[Entered password]]>
    </line>
    <line>
      <![CDATA[click on SignIn button]]>
    </line>
    <line>
      <![CDATA[driver title WordPress › Profiles » sumitsingh21]]>
    </line>
    <line>
      <![CDATA[Successfully Checked the Home Page]]>
    </line>
    <line>
      <![CDATA[Loaded the Properties files]]>
    </line>
    <line>
      <![CDATA[Browser is closed Successfully]]>
    </line>
    <line>
      <![CDATA[Loaded the Properties files]]>
    </line>
    <line>
      <![CDATA[Entered Username]]>
    </line>
    <line>
      <![CDATA[Entered password]]>
    </line>
    <line>
      <![CDATA[click on SignIn button]]>
    </line>
    <line>
      <![CDATA[driver title Log In ‹ WordPress.org Login — WordPress]]>
    </line>
    <line>
      <![CDATA[Successfully Checked the Home Page]]>
    </line>
  </reporter-output>
  <suite name="Default suite" duration-ms="30081" started-at="2019-06-24T06:58:33Z" finished-at="2019-06-24T06:59:03Z">
    <groups>
      <group name="cucumber">
        <method signature="AbstractTestNGCucumberTests.runScenario(cucumber.api.testng.PickleEventWrapper, cucumber.api.testng.CucumberFeatureWrapper)[pri:0, instance:RunnerClass.RunCucumberTest@2344fc66]" name="runScenario" class="cucumber.api.testng.AbstractTestNGCucumberTests"/>
      </group> <!-- cucumber -->
    </groups>
    <test name="Default test" duration-ms="30081" started-at="2019-06-24T06:58:33Z" finished-at="2019-06-24T06:59:03Z">
      <class name="RunnerClass.RunCucumberTest">
        <test-method status="PASS" signature="setUpClass()[pri:0, instance:RunnerClass.RunCucumberTest@2344fc66]" name="setUpClass" is-config="true" duration-ms="170" started-at="2019-06-24T06:58:33Z" finished-at="2019-06-24T06:58:34Z">
          <reporter-output>
          </reporter-output>
        </test-method> <!-- setUpClass -->
        <test-method status="PASS" signature="runScenario(cucumber.api.testng.PickleEventWrapper, cucumber.api.testng.CucumberFeatureWrapper)[pri:0, instance:RunnerClass.RunCucumberTest@2344fc66]" name="runScenario" duration-ms="16749" started-at="2019-06-24T06:58:34Z" description="Runs Cucumber Scenarios" data-provider="scenarios" finished-at="2019-06-24T06:58:50Z">
          <params>
            <param index="0">
              <value>
                <![CDATA["Title of your scenario"]]>
              </value>
            </param>
            <param index="1">
              <value>
                <![CDATA["check WordPress Login Functinality with Different User"]]>
              </value>
            </param>
          </params>
          <reporter-output>
            <line>
              <![CDATA[Loaded the Properties files]]>
            </line>
            <line>
              <![CDATA[Browser is closed Successfully]]>
            </line>
            <line>
              <![CDATA[Loaded the Properties files]]>
            </line>
            <line>
              <![CDATA[Entered Username]]>
            </line>
            <line>
              <![CDATA[Entered password]]>
            </line>
            <line>
              <![CDATA[click on SignIn button]]>
            </line>
            <line>
              <![CDATA[driver title WordPress › Profiles » sumitsingh21]]>
            </line>
            <line>
              <![CDATA[Successfully Checked the Home Page]]>
            </line>
          </reporter-output>
        </test-method> <!-- runScenario -->
        <test-method status="PASS" signature="runScenario(cucumber.api.testng.PickleEventWrapper, cucumber.api.testng.CucumberFeatureWrapper)[pri:0, instance:RunnerClass.RunCucumberTest@2344fc66]" name="runScenario" duration-ms="13048" started-at="2019-06-24T06:58:50Z" description="Runs Cucumber Scenarios" data-provider="scenarios" finished-at="2019-06-24T06:59:03Z">
          <params>
            <param index="0">
              <value>
                <![CDATA["Title of your scenario"]]>
              </value>
            </param>
            <param index="1">
              <value>
                <![CDATA["check WordPress Login Functinality with Different User"]]>
              </value>
            </param>
          </params>
          <reporter-output>
            <line>
              <![CDATA[Loaded the Properties files]]>
            </line>
            <line>
              <![CDATA[Browser is closed Successfully]]>
            </line>
            <line>
              <![CDATA[Loaded the Properties files]]>
            </line>
            <line>
              <![CDATA[Entered Username]]>
            </line>
            <line>
              <![CDATA[Entered password]]>
            </line>
            <line>
              <![CDATA[click on SignIn button]]>
            </line>
            <line>
              <![CDATA[driver title Log In ‹ WordPress.org Login — WordPress]]>
            </line>
            <line>
              <![CDATA[Successfully Checked the Home Page]]>
            </line>
          </reporter-output>
        </test-method> <!-- runScenario -->
        <test-method status="PASS" signature="tearDownClass()[pri:0, instance:RunnerClass.RunCucumberTest@2344fc66]" name="tearDownClass" is-config="true" duration-ms="47" started-at="2019-06-24T06:59:03Z" finished-at="2019-06-24T06:59:03Z">
          <reporter-output>
          </reporter-output>
        </test-method> <!-- tearDownClass -->
      </class> <!-- RunnerClass.RunCucumberTest -->
    </test> <!-- Default test -->
  </suite> <!-- Default suite -->
</testng-results>
