<?xml version="1.0" encoding="UTF-8"?>
<testng-results skipped="0" failed="0" ignored="0" total="1" passed="1">
  <reporter-output>
  </reporter-output>
  <suite name="Default suite" duration-ms="526" started-at="2019-08-04T20:07:25Z" finished-at="2019-08-04T20:07:25Z">
    <groups>
      <group name="cucumber">
        <method signature="AbstractTestNGCucumberTests.feature(cucumber.api.testng.CucumberFeatureWrapper)[pri:0, instance:com.RunnerFile.RunnerClass@2e3fc542]" name="feature" class="cucumber.api.testng.AbstractTestNGCucumberTests"/>
      </group> <!-- cucumber -->
    </groups>
    <test name="Default test" duration-ms="526" started-at="2019-08-04T20:07:25Z" finished-at="2019-08-04T20:07:25Z">
      <class name="com.RunnerFile.RunnerClass">
        <test-method status="PASS" signature="setUpClass()[pri:0, instance:com.RunnerFile.RunnerClass@2e3fc542]" name="setUpClass" is-config="true" duration-ms="290" started-at="2019-08-04T20:07:25Z" finished-at="2019-08-04T20:07:25Z">
          <reporter-output>
          </reporter-output>
        </test-method> <!-- setUpClass -->
        <test-method status="PASS" signature="feature(cucumber.api.testng.CucumberFeatureWrapper)[pri:0, instance:com.RunnerFile.RunnerClass@2e3fc542]" name="feature" duration-ms="43" started-at="2019-08-04T20:07:25Z" description="Runs Cucumber Feature" data-provider="features" finished-at="2019-08-04T20:07:25Z">
          <params>
            <param index="0">
              <value>
                <![CDATA[Login to Ebay to purchase a product]]>
              </value>
            </param>
          </params>
          <reporter-output>
          </reporter-output>
        </test-method> <!-- feature -->
        <test-method status="PASS" signature="tearDownClass()[pri:0, instance:com.RunnerFile.RunnerClass@2e3fc542]" name="tearDownClass" is-config="true" duration-ms="53" started-at="2019-08-04T20:07:25Z" finished-at="2019-08-04T20:07:25Z">
          <reporter-output>
          </reporter-output>
        </test-method> <!-- tearDownClass -->
      </class> <!-- com.RunnerFile.RunnerClass -->
    </test> <!-- Default test -->
  </suite> <!-- Default suite -->
</testng-results>
