<?xml version="1.0" encoding="UTF-8"?>
<!-- Generated by org.testng.reporters.JUnitXMLReporter -->
<testsuite hostname="ICPL12742" ignored="0" name="FREE CRM Test" tests="0" failures="0" timestamp="22 Jun 2019 21:52:03 GMT" time="0.106" errors="0">
  <testcase name="@BeforeClass setUpClass" time="0.078" classname="cucumber.api.testng.AbstractTestNGCucumberTests">
    <failure type="java.lang.NoSuchMethodError" message="cucumber.runtime.formatter.Plugins.&amp;lt;init&amp;gt;(Ljava/lang/ClassLoader;Lcucumber/runtime/formatter/PluginFactory;Lcucumber/api/event/EventPublisher;Lio/cucumber/core/options/PluginOptions;)V">
      <![CDATA[java.lang.NoSuchMethodError: cucumber.runtime.formatter.Plugins.<init>(Ljava/lang/ClassLoader;Lcucumber/runtime/formatter/PluginFactory;Lcucumber/api/event/EventPublisher;Lio/cucumber/core/options/PluginOptions;)V
at cucumber.api.testng.TestNGCucumberRunner.<init>(TestNGCucumberRunner.java:46)
at cucumber.api.testng.AbstractTestNGCucumberTests.setUpClass(AbstractTestNGCucumberTests.java:16)
at java.util.concurrent.FutureTask.run(FutureTask.java:266)
at java.util.concurrent.ThreadPoolExecutor.runWorker(ThreadPoolExecutor.java:1149)
at java.util.concurrent.ThreadPoolExecutor$Worker.run(ThreadPoolExecutor.java:624)
at java.lang.Thread.run(Thread.java:748)
... Removed 17 stack frames]]>
    </failure>
  </testcase> <!-- @BeforeClass setUpClass -->
</testsuite> <!-- FREE CRM Test -->
