<?xml version="1.0" encoding="UTF-8"?>
<!-- Generated by org.testng.reporters.JUnitXMLReporter -->
<testsuite hostname="ICPL12742" ignored="0" name="FREE Wordpress Test" tests="0" failures="0" timestamp="22 Jun 2019 22:05:08 GMT" time="0.107" errors="0">
  <testcase name="@BeforeClass setUpClass" time="0.07" classname="cucumber.api.testng.AbstractTestNGCucumberTests">
    <failure type="java.lang.NoSuchMethodError" message="cucumber.runtime.formatter.Plugins.&amp;lt;init&amp;gt;(Ljava/lang/ClassLoader;Lcucumber/runtime/formatter/PluginFactory;Lcucumber/api/event/EventPublisher;Lio/cucumber/core/options/PluginOptions;)V">
      <![CDATA[java.lang.NoSuchMethodError: cucumber.runtime.formatter.Plugins.<init>(Ljava/lang/ClassLoader;Lcucumber/runtime/formatter/PluginFactory;Lcucumber/api/event/EventPublisher;Lio/cucumber/core/options/PluginOptions;)V
at cucumber.api.testng.TestNGCucumberRunner.<init>(TestNGCucumberRunner.java:46)
at cucumber.api.testng.AbstractTestNGCucumberTests.setUpClass(AbstractTestNGCucumberTests.java:16)
... Removed 26 stack frames]]>
    </failure>
  </testcase> <!-- @BeforeClass setUpClass -->
</testsuite> <!-- FREE Wordpress Test -->
